2025-03-29 07:05:46 +01:00:    ▲ Next.js 15.2.4
2025-03-29 07:05:46 +01:00:    - Local:        http://localhost:3001
2025-03-29 07:05:46 +01:00:    - Network:      http://172.20.10.5:3001
2025-03-29 07:05:46 +01:00: 
2025-03-29 07:05:46 +01:00:  ✓ Starting...
2025-03-29 07:05:46 +01:00:  ✓ Ready in 749ms
2025-03-29 07:08:21 +01:00:    ▲ Next.js 15.2.4
2025-03-29 07:08:21 +01:00:    - Local:        http://localhost:3001
2025-03-29 07:08:21 +01:00:    - Network:      http://172.20.10.5:3001
2025-03-29 07:08:21 +01:00: 
2025-03-29 07:08:21 +01:00:  ✓ Starting...
2025-03-29 07:08:21 +01:00:  ✓ Ready in 446ms
2025-03-29 07:23:10 +01:00:    ▲ Next.js 15.2.4
2025-03-29 07:23:10 +01:00:    - Local:        http://localhost:3001
2025-03-29 07:23:10 +01:00:    - Network:      http://172.20.10.5:3001
2025-03-29 07:23:10 +01:00: 
2025-03-29 07:23:10 +01:00:  ✓ Starting...
2025-03-29 07:23:11 +01:00:  ✓ Ready in 491ms
2025-03-29 07:30:42 +01:00:    ▲ Next.js 15.2.4
2025-03-29 07:30:42 +01:00:    - Local:        http://localhost:3001
2025-03-29 07:30:42 +01:00:    - Network:      http://172.20.10.5:3001
2025-03-29 07:30:42 +01:00: 
2025-03-29 07:30:42 +01:00:  ✓ Starting...
2025-03-29 07:30:42 +01:00:  ✓ Ready in 507ms
2025-03-29 07:39:27 +01:00:    ▲ Next.js 15.2.4
2025-03-29 07:39:27 +01:00:    - Local:        http://localhost:3001
2025-03-29 07:39:27 +01:00:    - Network:      http://172.20.10.5:3001
2025-03-29 07:39:27 +01:00: 
2025-03-29 07:39:27 +01:00:  ✓ Starting...
2025-03-29 07:39:27 +01:00:  ✓ Ready in 470ms
2025-03-29 07:45:34 +01:00:    ▲ Next.js 15.2.4
2025-03-29 07:45:34 +01:00:    - Local:        http://localhost:3001
2025-03-29 07:45:34 +01:00:    - Network:      http://172.20.10.5:3001
2025-03-29 07:45:34 +01:00: 
2025-03-29 07:45:34 +01:00:  ✓ Starting...
2025-03-29 07:45:34 +01:00:  ✓ Ready in 316ms
2025-03-29 07:51:53 +01:00:    ▲ Next.js 15.2.4
2025-03-29 07:51:53 +01:00:    - Local:        http://localhost:3001
2025-03-29 07:51:53 +01:00:    - Network:      http://172.20.10.5:3001
2025-03-29 07:51:53 +01:00: 
2025-03-29 07:51:53 +01:00:  ✓ Starting...
2025-03-29 07:51:53 +01:00:  ✓ Ready in 433ms
2025-03-29 07:54:43 +01:00:    ▲ Next.js 15.2.4
2025-03-29 07:54:43 +01:00:    - Local:        http://localhost:3001
2025-03-29 07:54:43 +01:00:    - Network:      http://172.20.10.5:3001
2025-03-29 07:54:43 +01:00: 
2025-03-29 07:54:43 +01:00:  ✓ Starting...
2025-03-29 07:54:44 +01:00:  ✓ Ready in 413ms
2025-03-29 07:57:11 +01:00:    ▲ Next.js 15.2.4
2025-03-29 07:57:11 +01:00:    - Local:        http://localhost:3001
2025-03-29 07:57:11 +01:00:    - Network:      http://172.20.10.5:3001
2025-03-29 07:57:11 +01:00: 
2025-03-29 07:57:11 +01:00:  ✓ Starting...
2025-03-29 07:57:11 +01:00:  ✓ Ready in 434ms
2025-03-29 07:59:39 +01:00:    ▲ Next.js 15.2.4
2025-03-29 07:59:39 +01:00:    - Local:        http://localhost:3001
2025-03-29 07:59:39 +01:00:    - Network:      http://172.20.10.5:3001
2025-03-29 07:59:39 +01:00: 
2025-03-29 07:59:39 +01:00:  ✓ Starting...
2025-03-29 07:59:39 +01:00:  ✓ Ready in 305ms
2025-03-29 07:59:54 +01:00:    ▲ Next.js 15.2.4
2025-03-29 07:59:54 +01:00:    - Local:        http://localhost:3001
2025-03-29 07:59:54 +01:00:    - Network:      http://172.20.10.5:3001
2025-03-29 07:59:54 +01:00: 
2025-03-29 07:59:54 +01:00:  ✓ Starting...
2025-03-29 07:59:54 +01:00:  ✓ Ready in 376ms
2025-03-29 08:05:57 +01:00:    ▲ Next.js 15.2.4
2025-03-29 08:05:57 +01:00:    - Local:        http://localhost:3001
2025-03-29 08:05:57 +01:00:    - Network:      http://172.20.10.5:3001
2025-03-29 08:05:57 +01:00: 
2025-03-29 08:05:57 +01:00:  ✓ Starting...
2025-03-29 08:05:57 +01:00:  ✓ Ready in 798ms
2025-03-29 08:07:12 +01:00:    ▲ Next.js 15.2.4
2025-03-29 08:07:12 +01:00:    - Local:        http://localhost:3001
2025-03-29 08:07:12 +01:00:    - Network:      http://172.20.10.5:3001
2025-03-29 08:07:12 +01:00: 
2025-03-29 08:07:12 +01:00:  ✓ Starting...
2025-03-29 08:07:13 +01:00:  ✓ Ready in 816ms
2025-03-29 08:08:53 +01:00:    ▲ Next.js 15.2.4
2025-03-29 08:08:53 +01:00:    - Local:        http://localhost:3001
2025-03-29 08:08:53 +01:00:    - Network:      http://172.20.10.5:3001
2025-03-29 08:08:53 +01:00: 
2025-03-29 08:08:53 +01:00:  ✓ Starting...
2025-03-29 08:08:53 +01:00:  ✓ Ready in 400ms
2025-03-29 08:09:37 +01:00:    ▲ Next.js 15.2.4
2025-03-29 08:09:37 +01:00:    - Local:        http://localhost:3001
2025-03-29 08:09:37 +01:00:    - Network:      http://172.20.10.5:3001
2025-03-29 08:09:37 +01:00: 
2025-03-29 08:09:37 +01:00:  ✓ Starting...
2025-03-29 08:09:37 +01:00:  ✓ Ready in 420ms
2025-03-29 08:12:14 +01:00:    ▲ Next.js 15.2.4
2025-03-29 08:12:14 +01:00:    - Local:        http://localhost:3001
2025-03-29 08:12:14 +01:00:    - Network:      http://172.20.10.5:3001
2025-03-29 08:12:14 +01:00: 
2025-03-29 08:12:14 +01:00:  ✓ Starting...
2025-03-29 08:12:14 +01:00:  ✓ Ready in 415ms
2025-03-29 08:13:14 +01:00:    ▲ Next.js 15.2.4
2025-03-29 08:13:14 +01:00:    - Local:        http://localhost:3002
2025-03-29 08:13:14 +01:00:    - Network:      http://172.20.10.5:3002
2025-03-29 08:13:14 +01:00: 
2025-03-29 08:13:14 +01:00:  ✓ Starting...
2025-03-29 08:13:14 +01:00:  ✓ Ready in 424ms
2025-04-07 11:55:07 +02:00:    ▲ Next.js 15.2.4
2025-04-07 11:55:07 +02:00:    - Local:        http://localhost:3002
2025-04-07 11:55:07 +02:00:    - Network:      http://192.168.32.16:3002
2025-04-07 11:55:07 +02:00: 
2025-04-07 11:55:07 +02:00:  ✓ Starting...
2025-04-07 11:55:11 +02:00:    ▲ Next.js 15.2.4
2025-04-07 11:55:11 +02:00:    - Local:        http://localhost:3002
2025-04-07 11:55:11 +02:00:    - Network:      http://192.168.32.16:3002
2025-04-07 11:55:11 +02:00: 
2025-04-07 11:55:11 +02:00:  ✓ Starting...
2025-04-07 11:55:14 +02:00:    ▲ Next.js 15.2.4
2025-04-07 11:55:14 +02:00:    - Local:        http://localhost:3002
2025-04-07 11:55:14 +02:00:    - Network:      http://192.168.32.16:3002
2025-04-07 11:55:14 +02:00: 
2025-04-07 11:55:14 +02:00:  ✓ Starting...
2025-04-07 11:55:17 +02:00:    ▲ Next.js 15.2.4
2025-04-07 11:55:17 +02:00:    - Local:        http://localhost:3002
2025-04-07 11:55:17 +02:00:    - Network:      http://192.168.32.16:3002
2025-04-07 11:55:17 +02:00: 
2025-04-07 11:55:17 +02:00:  ✓ Starting...
2025-04-07 11:55:21 +02:00:    ▲ Next.js 15.2.4
2025-04-07 11:55:21 +02:00:    - Local:        http://localhost:3002
2025-04-07 11:55:21 +02:00:    - Network:      http://192.168.32.16:3002
2025-04-07 11:55:21 +02:00: 
2025-04-07 11:55:21 +02:00:  ✓ Starting...
2025-04-07 11:55:24 +02:00:    ▲ Next.js 15.2.4
2025-04-07 11:55:24 +02:00:    - Local:        http://localhost:3002
2025-04-07 11:55:24 +02:00:    - Network:      http://192.168.32.16:3002
2025-04-07 11:55:24 +02:00: 
2025-04-07 11:55:24 +02:00:  ✓ Starting...
2025-04-07 11:55:27 +02:00:    ▲ Next.js 15.2.4
2025-04-07 11:55:27 +02:00:    - Local:        http://localhost:3002
2025-04-07 11:55:27 +02:00:    - Network:      http://192.168.32.16:3002
2025-04-07 11:55:27 +02:00: 
2025-04-07 11:55:27 +02:00:  ✓ Starting...
2025-04-07 11:55:31 +02:00:    ▲ Next.js 15.2.4
2025-04-07 11:55:31 +02:00:    - Local:        http://localhost:3002
2025-04-07 11:55:31 +02:00:    - Network:      http://192.168.32.16:3002
2025-04-07 11:55:31 +02:00: 
2025-04-07 11:55:31 +02:00:  ✓ Starting...
2025-04-07 11:55:34 +02:00:    ▲ Next.js 15.2.4
2025-04-07 11:55:34 +02:00:    - Local:        http://localhost:3002
2025-04-07 11:55:34 +02:00:    - Network:      http://192.168.32.16:3002
2025-04-07 11:55:34 +02:00: 
2025-04-07 11:55:34 +02:00:  ✓ Starting...
2025-04-07 11:55:37 +02:00:    ▲ Next.js 15.2.4
2025-04-07 11:55:37 +02:00:    - Local:        http://localhost:3002
2025-04-07 11:55:37 +02:00:    - Network:      http://192.168.32.16:3002
2025-04-07 11:55:37 +02:00: 
2025-04-07 11:55:37 +02:00:  ✓ Starting...
2025-04-07 11:55:40 +02:00:    ▲ Next.js 15.2.4
2025-04-07 11:55:40 +02:00:    - Local:        http://localhost:3002
2025-04-07 11:55:40 +02:00:    - Network:      http://192.168.32.16:3002
2025-04-07 11:55:40 +02:00: 
2025-04-07 11:55:40 +02:00:  ✓ Starting...
2025-04-07 11:55:44 +02:00:    ▲ Next.js 15.2.4
2025-04-07 11:55:44 +02:00:    - Local:        http://localhost:3002
2025-04-07 11:55:44 +02:00:    - Network:      http://192.168.32.16:3002
2025-04-07 11:55:44 +02:00: 
2025-04-07 11:55:44 +02:00:  ✓ Starting...
2025-04-07 11:55:47 +02:00:    ▲ Next.js 15.2.4
2025-04-07 11:55:47 +02:00:    - Local:        http://localhost:3002
2025-04-07 11:55:47 +02:00:    - Network:      http://192.168.32.16:3002
2025-04-07 11:55:47 +02:00: 
2025-04-07 11:55:47 +02:00:  ✓ Starting...
2025-04-07 11:55:50 +02:00:    ▲ Next.js 15.2.4
2025-04-07 11:55:50 +02:00:    - Local:        http://localhost:3002
2025-04-07 11:55:50 +02:00:    - Network:      http://192.168.32.16:3002
2025-04-07 11:55:50 +02:00: 
2025-04-07 11:55:50 +02:00:  ✓ Starting...
2025-04-07 11:55:54 +02:00:    ▲ Next.js 15.2.4
2025-04-07 11:55:54 +02:00:    - Local:        http://localhost:3002
2025-04-07 11:55:54 +02:00:    - Network:      http://192.168.32.16:3002
2025-04-07 11:55:54 +02:00: 
2025-04-07 11:55:54 +02:00:  ✓ Starting...
2025-04-07 11:55:57 +02:00:    ▲ Next.js 15.2.4
2025-04-07 11:55:57 +02:00:    - Local:        http://localhost:3002
2025-04-07 11:55:57 +02:00:    - Network:      http://192.168.32.16:3002
2025-04-07 11:55:57 +02:00: 
2025-04-07 11:55:57 +02:00:  ✓ Starting...
2025-04-07 11:56:00 +02:00:    ▲ Next.js 15.2.4
2025-04-07 11:56:00 +02:00:    - Local:        http://localhost:3002
2025-04-07 11:56:00 +02:00:    - Network:      http://192.168.32.16:3002
2025-04-07 11:56:00 +02:00: 
2025-04-07 11:56:00 +02:00:  ✓ Starting...
2025-04-07 11:56:04 +02:00:    ▲ Next.js 15.2.4
2025-04-07 11:56:04 +02:00:    - Local:        http://localhost:3002
2025-04-07 11:56:04 +02:00:    - Network:      http://192.168.32.16:3002
2025-04-07 11:56:04 +02:00: 
2025-04-07 11:56:04 +02:00:  ✓ Starting...
2025-04-07 11:56:07 +02:00:    ▲ Next.js 15.2.4
2025-04-07 11:56:07 +02:00:    - Local:        http://localhost:3002
2025-04-07 11:56:07 +02:00:    - Network:      http://192.168.32.16:3002
2025-04-07 11:56:07 +02:00: 
2025-04-07 11:56:07 +02:00:  ✓ Starting...
2025-04-07 11:56:10 +02:00:    ▲ Next.js 15.2.4
2025-04-07 11:56:10 +02:00:    - Local:        http://localhost:3002
2025-04-07 11:56:10 +02:00:    - Network:      http://192.168.32.16:3002
2025-04-07 11:56:10 +02:00: 
2025-04-07 11:56:10 +02:00:  ✓ Starting...
2025-04-07 11:56:14 +02:00:    ▲ Next.js 15.2.4
2025-04-07 11:56:14 +02:00:    - Local:        http://localhost:3002
2025-04-07 11:56:14 +02:00:    - Network:      http://192.168.32.16:3002
2025-04-07 11:56:14 +02:00: 
2025-04-07 11:56:14 +02:00:  ✓ Starting...
2025-04-07 11:56:17 +02:00:    ▲ Next.js 15.2.4
2025-04-07 11:56:17 +02:00:    - Local:        http://localhost:3002
2025-04-07 11:56:17 +02:00:    - Network:      http://192.168.32.16:3002
2025-04-07 11:56:17 +02:00: 
2025-04-07 11:56:17 +02:00:  ✓ Starting...
2025-04-07 11:56:20 +02:00:    ▲ Next.js 15.2.4
2025-04-07 11:56:20 +02:00:    - Local:        http://localhost:3002
2025-04-07 11:56:20 +02:00:    - Network:      http://192.168.32.16:3002
2025-04-07 11:56:20 +02:00: 
2025-04-07 11:56:20 +02:00:  ✓ Starting...
2025-04-07 11:56:23 +02:00:    ▲ Next.js 15.2.4
2025-04-07 11:56:23 +02:00:    - Local:        http://localhost:3002
2025-04-07 11:56:23 +02:00:    - Network:      http://192.168.32.16:3002
2025-04-07 11:56:23 +02:00: 
2025-04-07 11:56:23 +02:00:  ✓ Starting...
2025-04-07 11:56:27 +02:00:    ▲ Next.js 15.2.4
2025-04-07 11:56:27 +02:00:    - Local:        http://localhost:3002
2025-04-07 11:56:27 +02:00:    - Network:      http://192.168.32.16:3002
2025-04-07 11:56:27 +02:00: 
2025-04-07 11:56:27 +02:00:  ✓ Starting...
2025-04-07 11:56:30 +02:00:    ▲ Next.js 15.2.4
2025-04-07 11:56:30 +02:00:    - Local:        http://localhost:3002
2025-04-07 11:56:30 +02:00:    - Network:      http://192.168.32.16:3002
2025-04-07 11:56:30 +02:00: 
2025-04-07 11:56:30 +02:00:  ✓ Starting...
2025-04-07 11:56:33 +02:00:    ▲ Next.js 15.2.4
2025-04-07 11:56:33 +02:00:    - Local:        http://localhost:3002
2025-04-07 11:56:33 +02:00:    - Network:      http://192.168.32.16:3002
2025-04-07 11:56:33 +02:00: 
2025-04-07 11:56:33 +02:00:  ✓ Starting...
2025-04-07 11:56:37 +02:00:    ▲ Next.js 15.2.4
2025-04-07 11:56:37 +02:00:    - Local:        http://localhost:3002
2025-04-07 11:56:37 +02:00:    - Network:      http://192.168.32.16:3002
2025-04-07 11:56:37 +02:00: 
2025-04-07 11:56:37 +02:00:  ✓ Starting...
2025-04-07 11:56:40 +02:00:    ▲ Next.js 15.2.4
2025-04-07 11:56:40 +02:00:    - Local:        http://localhost:3002
2025-04-07 11:56:40 +02:00:    - Network:      http://192.168.32.16:3002
2025-04-07 11:56:40 +02:00: 
2025-04-07 11:56:40 +02:00:  ✓ Starting...
2025-04-07 11:56:43 +02:00:    ▲ Next.js 15.2.4
2025-04-07 11:56:43 +02:00:    - Local:        http://localhost:3002
2025-04-07 11:56:43 +02:00:    - Network:      http://192.168.32.16:3002
2025-04-07 11:56:43 +02:00: 
2025-04-07 11:56:43 +02:00:  ✓ Starting...
2025-04-07 11:56:47 +02:00:    ▲ Next.js 15.2.4
2025-04-07 11:56:47 +02:00:    - Local:        http://localhost:3002
2025-04-07 11:56:47 +02:00:    - Network:      http://192.168.32.16:3002
2025-04-07 11:56:47 +02:00: 
2025-04-07 11:56:47 +02:00:  ✓ Starting...
2025-04-07 11:56:50 +02:00:    ▲ Next.js 15.2.4
2025-04-07 11:56:50 +02:00:    - Local:        http://localhost:3002
2025-04-07 11:56:50 +02:00:    - Network:      http://192.168.32.16:3002
2025-04-07 11:56:50 +02:00: 
2025-04-07 11:56:50 +02:00:  ✓ Starting...
2025-04-07 11:56:53 +02:00:    ▲ Next.js 15.2.4
2025-04-07 11:56:53 +02:00:    - Local:        http://localhost:3002
2025-04-07 11:56:53 +02:00:    - Network:      http://192.168.32.16:3002
2025-04-07 11:56:53 +02:00: 
2025-04-07 11:56:53 +02:00:  ✓ Starting...
2025-04-07 11:56:57 +02:00:    ▲ Next.js 15.2.4
2025-04-07 11:56:57 +02:00:    - Local:        http://localhost:3002
2025-04-07 11:56:57 +02:00:    - Network:      http://192.168.32.16:3002
2025-04-07 11:56:57 +02:00: 
2025-04-07 11:56:57 +02:00:  ✓ Starting...
2025-04-07 11:57:00 +02:00:    ▲ Next.js 15.2.4
2025-04-07 11:57:00 +02:00:    - Local:        http://localhost:3002
2025-04-07 11:57:00 +02:00:    - Network:      http://192.168.32.16:3002
2025-04-07 11:57:00 +02:00: 
2025-04-07 11:57:00 +02:00:  ✓ Starting...
2025-04-07 11:57:03 +02:00:    ▲ Next.js 15.2.4
2025-04-07 11:57:03 +02:00:    - Local:        http://localhost:3002
2025-04-07 11:57:03 +02:00:    - Network:      http://192.168.32.16:3002
2025-04-07 11:57:03 +02:00: 
2025-04-07 11:57:03 +02:00:  ✓ Starting...
2025-04-07 11:57:06 +02:00:    ▲ Next.js 15.2.4
2025-04-07 11:57:06 +02:00:    - Local:        http://localhost:3002
2025-04-07 11:57:06 +02:00:    - Network:      http://192.168.32.16:3002
2025-04-07 11:57:06 +02:00: 
2025-04-07 11:57:06 +02:00:  ✓ Starting...
2025-04-07 11:57:10 +02:00:    ▲ Next.js 15.2.4
2025-04-07 11:57:10 +02:00:    - Local:        http://localhost:3002
2025-04-07 11:57:10 +02:00:    - Network:      http://192.168.32.16:3002
2025-04-07 11:57:10 +02:00: 
2025-04-07 11:57:10 +02:00:  ✓ Starting...
2025-04-07 11:57:13 +02:00:    ▲ Next.js 15.2.4
2025-04-07 11:57:13 +02:00:    - Local:        http://localhost:3002
2025-04-07 11:57:13 +02:00:    - Network:      http://192.168.32.16:3002
2025-04-07 11:57:13 +02:00: 
2025-04-07 11:57:13 +02:00:  ✓ Starting...
2025-04-07 12:08:54 +02:00:    ▲ Next.js 15.2.4
2025-04-07 12:08:54 +02:00:    - Local:        http://localhost:3002
2025-04-07 12:08:54 +02:00:    - Network:      http://192.168.32.16:3002
2025-04-07 12:08:54 +02:00: 
2025-04-07 12:08:54 +02:00:  ✓ Starting...
2025-04-07 12:08:57 +02:00:    ▲ Next.js 15.2.4
2025-04-07 12:08:57 +02:00:    - Local:        http://localhost:3002
2025-04-07 12:08:57 +02:00:    - Network:      http://192.168.32.16:3002
2025-04-07 12:08:57 +02:00: 
2025-04-07 12:08:57 +02:00:  ✓ Starting...
2025-04-07 12:09:00 +02:00:    ▲ Next.js 15.2.4
2025-04-07 12:09:00 +02:00:    - Local:        http://localhost:3002
2025-04-07 12:09:00 +02:00:    - Network:      http://192.168.32.16:3002
2025-04-07 12:09:00 +02:00: 
2025-04-07 12:09:00 +02:00:  ✓ Starting...
2025-04-07 12:09:03 +02:00:    ▲ Next.js 15.2.4
2025-04-07 12:09:03 +02:00:    - Local:        http://localhost:3002
2025-04-07 12:09:03 +02:00:    - Network:      http://192.168.32.16:3002
2025-04-07 12:09:03 +02:00: 
2025-04-07 12:09:03 +02:00:  ✓ Starting...
2025-04-07 12:09:07 +02:00:    ▲ Next.js 15.2.4
2025-04-07 12:09:07 +02:00:    - Local:        http://localhost:3002
2025-04-07 12:09:07 +02:00:    - Network:      http://192.168.32.16:3002
2025-04-07 12:09:07 +02:00: 
2025-04-07 12:09:07 +02:00:  ✓ Starting...
2025-04-07 12:09:10 +02:00:    ▲ Next.js 15.2.4
2025-04-07 12:09:10 +02:00:    - Local:        http://localhost:3002
2025-04-07 12:09:10 +02:00:    - Network:      http://192.168.32.16:3002
2025-04-07 12:09:10 +02:00: 
2025-04-07 12:09:10 +02:00:  ✓ Starting...
2025-04-07 12:09:13 +02:00:    ▲ Next.js 15.2.4
2025-04-07 12:09:13 +02:00:    - Local:        http://localhost:3002
2025-04-07 12:09:13 +02:00:    - Network:      http://192.168.32.16:3002
2025-04-07 12:09:13 +02:00: 
2025-04-07 12:09:13 +02:00:  ✓ Starting...
2025-04-07 12:09:17 +02:00:    ▲ Next.js 15.2.4
2025-04-07 12:09:17 +02:00:    - Local:        http://localhost:3002
2025-04-07 12:09:17 +02:00:    - Network:      http://192.168.32.16:3002
2025-04-07 12:09:17 +02:00: 
2025-04-07 12:09:17 +02:00:  ✓ Starting...
2025-04-07 12:09:20 +02:00:    ▲ Next.js 15.2.4
2025-04-07 12:09:20 +02:00:    - Local:        http://localhost:3002
2025-04-07 12:09:20 +02:00:    - Network:      http://192.168.32.16:3002
2025-04-07 12:09:20 +02:00: 
2025-04-07 12:09:20 +02:00:  ✓ Starting...
2025-04-07 12:09:23 +02:00:    ▲ Next.js 15.2.4
2025-04-07 12:09:23 +02:00:    - Local:        http://localhost:3002
2025-04-07 12:09:23 +02:00:    - Network:      http://192.168.32.16:3002
2025-04-07 12:09:23 +02:00: 
2025-04-07 12:09:23 +02:00:  ✓ Starting...
2025-04-07 12:09:26 +02:00:    ▲ Next.js 15.2.4
2025-04-07 12:09:26 +02:00:    - Local:        http://localhost:3002
2025-04-07 12:09:26 +02:00:    - Network:      http://192.168.32.16:3002
2025-04-07 12:09:26 +02:00: 
2025-04-07 12:09:26 +02:00:  ✓ Starting...
